<?xml version="1.0" encoding="UTF-8"?>
<!-- Generated by org.testng.reporters.JUnitReportReporter -->
<testsuite skipped="0" hostname="DESKTOP-D940ASI" name="Runners.SmokeRunner" tests="21" failures="0" timestamp="2021-08-10T13:53:03 EDT" time="655.035" errors="0">
  <testcase name="runScenario" time="43.840" classname="Runners.SmokeRunner"/>
  <system-out/>
  <testcase name="runScenario" time="8.031" classname="Runners.SmokeRunner"/>
  <system-out/>
  <testcase name="runScenario" time="26.049" classname="Runners.SmokeRunner"/>
  <system-out/>
  <testcase name="runScenario" time="26.445" classname="Runners.SmokeRunner"/>
  <system-out/>
  <testcase name="runScenario" time="52.761" classname="Runners.SmokeRunner"/>
  <system-out/>
  <testcase name="runScenario" time="62.237" classname="Runners.SmokeRunner"/>
  <system-out/>
  <testcase name="runScenario" time="11.550" classname="Runners.SmokeRunner"/>
  <system-out/>
  <testcase name="runScenario" time="55.140" classname="Runners.SmokeRunner"/>
  <system-out/>
  <testcase name="runScenario" time="26.034" classname="Runners.SmokeRunner"/>
  <system-out/>
  <testcase name="runScenario" time="49.856" classname="Runners.SmokeRunner"/>
  <system-out/>
  <testcase name="runScenario" time="36.287" classname="Runners.SmokeRunner"/>
  <system-out/>
  <testcase name="runScenario" time="56.098" classname="Runners.SmokeRunner"/>
  <system-out/>
  <testcase name="runScenario" time="25.973" classname="Runners.SmokeRunner"/>
  <system-out/>
  <testcase name="runScenario" time="9.965" classname="Runners.SmokeRunner"/>
  <system-out/>
  <testcase name="runScenario" time="30.279" classname="Runners.SmokeRunner"/>
  <system-out/>
  <testcase name="runScenario" time="16.845" classname="Runners.SmokeRunner"/>
  <system-out/>
  <testcase name="runScenario" time="7.987" classname="Runners.SmokeRunner"/>
  <system-out/>
  <testcase name="runScenario" time="6.857" classname="Runners.SmokeRunner"/>
  <system-out/>
  <testcase name="runScenario" time="7.752" classname="Runners.SmokeRunner"/>
  <system-out/>
  <testcase name="runScenario" time="18.730" classname="Runners.SmokeRunner"/>
  <system-out/>
  <testcase name="runScenario" time="76.319" classname="Runners.SmokeRunner"/>
  <system-out/>
</testsuite> <!-- Runners.SmokeRunner -->
